<?xml version="1.0" encoding="UTF-8"?>
<!-- Generated by org.testng.reporters.JUnitReportReporter -->
<testsuite hostname="minnu" failures="0" tests="3" name="com.supermarket.tests.LoginTestCase" time="7.385" errors="0" timestamp="2022-11-15T17:22:39 GST" skipped="0">
  <testcase classname="com.supermarket.tests.LoginTestCase" name="validateWithValidCredentials" time="5.285"/>
  <system-out/>
  <testcase classname="com.supermarket.tests.LoginTestCase" name="validateWithInvalidCredentials" time="1.444"/>
  <system-out/>
  <testcase classname="com.supermarket.tests.LoginTestCase" name="validateWithInvalidCredentials" time="0.656"/>
  <system-out/>
</testsuite> <!-- com.supermarket.tests.LoginTestCase -->
