<?xml version="1.0" encoding="UTF-8"?>
<!-- Generated by org.testng.reporters.JUnitReportReporter -->
<testsuite hostname="minnu" failures="0" tests="4" name="com.supermarket.tests.ManagePageTest" time="27.181" errors="0" timestamp="2022-11-15T12:54:18 GST" skipped="0">
  <testcase classname="com.supermarket.tests.ManagePageTest" name="search" time="4.741"/>
  <system-out/>
  <testcase classname="com.supermarket.tests.ManagePageTest" name="createItem" time="9.747"/>
  <system-out/>
  <testcase classname="com.supermarket.tests.ManagePageTest" name="editItem" time="8.349"/>
  <system-out/>
  <testcase classname="com.supermarket.tests.ManagePageTest" name="deleteItem" time="4.344"/>
  <system-out/>
</testsuite> <!-- com.supermarket.tests.ManagePageTest -->
